xrandr est /usr/bin/xrandr
Bars launched...
polybar|error: module/mpd: Connection refused
polybar|error: module/mpd: Connection refused
polybar|warn:  Systray selection already managed (window=0x0600006)
polybar|warn:  Termination signal received, shutting down...
polybar|warn:  Termination signal received, shutting down...
xrandr est /usr/bin/xrandr
Bars launched...
polybar|error: module/mpd: Connection refused
polybar|error: module/mpd: Connection refused
polybar|warn:  Systray selection already managed (window=0x0600006)
polybar|warn:  Termination signal received, shutting down...
polybar|warn:  Termination signal received, shutting down...
xrandr est /usr/bin/xrandr
Bars launched...
polybar|error: module/mpd: Connection refused
polybar|error: module/mpd: Connection refused
polybar|warn:  Systray selection already managed (window=0x0600006)
polybar|warn:  Termination signal received, shutting down...
polybar|warn:  Termination signal received, shutting down...
